DEPRECATION WARNING: You didn't set `secret_key_base`. Read the upgrade documentation to learn more about this new config option. (called from service at /Users/rolando/.rvm/rubies/ruby-2.2.2/lib/ruby/2.2.0/webrick/httpserver.rb:138)


Started GET "/" for ::1 at 2017-01-03 12:59:58 -0600

Gem::LoadError (Specified 'postgresql' for database adapter, but the gem is not loaded. Add `gem 'pg'` to your Gemfile (and ensure its version is at the minimum required by ActiveRecord).):
  activerecord (4.2.5) lib/active_record/connection_adapters/connection_specification.rb:177:in `rescue in spec'
  activerecord (4.2.5) lib/active_record/connection_adapters/connection_specification.rb:174:in `spec'
  activerecord (4.2.5) lib/active_record/connection_handling.rb:50:in `establish_connection'
  activerecord (4.2.5) lib/active_record/railtie.rb:120:in `block (2 levels) in <class:Railtie>'
  activesupport (4.2.5) lib/active_support/lazy_load_hooks.rb:38:in `instance_eval'
  activesupport (4.2.5) lib/active_support/lazy_load_hooks.rb:38:in `execute_hook'
  activesupport (4.2.5) lib/active_support/lazy_load_hooks.rb:45:in `block in run_load_hooks'
  activesupport (4.2.5) lib/active_support/lazy_load_hooks.rb:44:in `each'
  activesupport (4.2.5) lib/active_support/lazy_load_hooks.rb:44:in `run_load_hooks'
  activerecord (4.2.5) lib/active_record/base.rb:315:in `<module:ActiveRecord>'
  activerecord (4.2.5) lib/active_record/base.rb:26:in `<top (required)>'
  activerecord (4.2.5) lib/active_record/connection_adapters/abstract/connection_pool.rb:660:in `rescue in call'
  activerecord (4.2.5) lib/active_record/connection_adapters/abstract/connection_pool.rb:651:in `call'
  actionpack (4.2.5) lib/action_dispatch/middleware/callbacks.rb:29:in `block in call'
  activesupport (4.2.5) lib/active_support/callbacks.rb:88:in `__run_callbacks__'
  activesupport (4.2.5) lib/active_support/callbacks.rb:778:in `_run_call_callbacks'
  activesupport (4.2.5) lib/active_support/callbacks.rb:81:in `run_callbacks'
  actionpack (4.2.5) lib/action_dispatch/middleware/callbacks.rb:27:in `call'
  actionpack (4.2.5) lib/action_dispatch/middleware/reloader.rb:73:in `call'
  actionpack (4.2.5) lib/action_dispatch/middleware/remote_ip.rb:78:in `call'
  actionpack (4.2.5) lib/action_dispatch/middleware/debug_exceptions.rb:17:in `call'
  actionpack (4.2.5) lib/action_dispatch/middleware/show_exceptions.rb:30:in `call'
  railties (4.2.5) lib/rails/rack/logger.rb:38:in `call_app'
  railties (4.2.5) lib/rails/rack/logger.rb:20:in `block in call'
  activesupport (4.2.5) lib/active_support/tagged_logging.rb:68:in `block in tagged'
  activesupport (4.2.5) lib/active_support/tagged_logging.rb:26:in `tagged'
  activesupport (4.2.5) lib/active_support/tagged_logging.rb:68:in `tagged'
  railties (4.2.5) lib/rails/rack/logger.rb:20:in `call'
  actionpack (4.2.5) lib/action_dispatch/middleware/request_id.rb:21:in `call'
  rack (1.6.5) lib/rack/methodoverride.rb:22:in `call'
  rack (1.6.5) lib/rack/runtime.rb:18:in `call'
  activesupport (4.2.5) lib/active_support/cache/strategy/local_cache_middleware.rb:28:in `call'
  rack (1.6.5) lib/rack/lock.rb:17:in `call'
  actionpack (4.2.5) lib/action_dispatch/middleware/static.rb:116:in `call'
  rack (1.6.5) lib/rack/sendfile.rb:113:in `call'
  railties (4.2.5) lib/rails/engine.rb:518:in `call'
  railties (4.2.5) lib/rails/application.rb:165:in `call'
  rack (1.6.5) lib/rack/lock.rb:17:in `call'
  rack (1.6.5) lib/rack/content_length.rb:15:in `call'
  rack (1.6.5) lib/rack/handler/webrick.rb:88:in `service'
  /Users/rolando/.rvm/rubies/ruby-2.2.2/lib/ruby/2.2.0/webrick/httpserver.rb:138:in `service'
  /Users/rolando/.rvm/rubies/ruby-2.2.2/lib/ruby/2.2.0/webrick/httpserver.rb:94:in `run'
  /Users/rolando/.rvm/rubies/ruby-2.2.2/lib/ruby/2.2.0/webrick/server.rb:294:in `block in start_thread'


  Rendered /Users/rolando/.rvm/gems/ruby-2.2.2/gems/actionpack-4.2.5/lib/action_dispatch/middleware/templates/rescues/_source.erb (3.8ms)
  Rendered /Users/rolando/.rvm/gems/ruby-2.2.2/gems/actionpack-4.2.5/lib/action_dispatch/middleware/templates/rescues/_trace.html.erb (2.1ms)
  Rendered /Users/rolando/.rvm/gems/ruby-2.2.2/gems/actionpack-4.2.5/lib/action_dispatch/middleware/templates/rescues/_request_and_response.html.erb (0.8ms)
  Rendered /Users/rolando/.rvm/gems/ruby-2.2.2/gems/actionpack-4.2.5/lib/action_dispatch/middleware/templates/rescues/diagnostics.html.erb within rescues/layout (48.9ms)


Started GET "/" for ::1 at 2017-01-03 13:02:16 -0600

RuntimeError (Cannot load `Rails.application.database_configuration`:
Could not load database configuration. No such file - ["config/database.yml"]):
  railties (4.2.5) lib/rails/application/configuration.rb:110:in `database_configuration'
  activerecord (4.2.5) lib/active_record/railtie.rb:117:in `block (2 levels) in <class:Railtie>'
  activesupport (4.2.5) lib/active_support/lazy_load_hooks.rb:38:in `instance_eval'
  activesupport (4.2.5) lib/active_support/lazy_load_hooks.rb:38:in `execute_hook'
  activesupport (4.2.5) lib/active_support/lazy_load_hooks.rb:45:in `block in run_load_hooks'
  activesupport (4.2.5) lib/active_support/lazy_load_hooks.rb:44:in `each'
  activesupport (4.2.5) lib/active_support/lazy_load_hooks.rb:44:in `run_load_hooks'
  activerecord (4.2.5) lib/active_record/base.rb:315:in `<module:ActiveRecord>'
  activerecord (4.2.5) lib/active_record/base.rb:26:in `<top (required)>'
  activerecord (4.2.5) lib/active_record/connection_adapters/abstract/connection_pool.rb:660:in `rescue in call'
  activerecord (4.2.5) lib/active_record/connection_adapters/abstract/connection_pool.rb:651:in `call'
  actionpack (4.2.5) lib/action_dispatch/middleware/callbacks.rb:29:in `block in call'
  activesupport (4.2.5) lib/active_support/callbacks.rb:88:in `__run_callbacks__'
  activesupport (4.2.5) lib/active_support/callbacks.rb:778:in `_run_call_callbacks'
  activesupport (4.2.5) lib/active_support/callbacks.rb:81:in `run_callbacks'
  actionpack (4.2.5) lib/action_dispatch/middleware/callbacks.rb:27:in `call'
  actionpack (4.2.5) lib/action_dispatch/middleware/reloader.rb:73:in `call'
  actionpack (4.2.5) lib/action_dispatch/middleware/remote_ip.rb:78:in `call'
  actionpack (4.2.5) lib/action_dispatch/middleware/debug_exceptions.rb:17:in `call'
  actionpack (4.2.5) lib/action_dispatch/middleware/show_exceptions.rb:30:in `call'
  railties (4.2.5) lib/rails/rack/logger.rb:38:in `call_app'
  railties (4.2.5) lib/rails/rack/logger.rb:20:in `block in call'
  activesupport (4.2.5) lib/active_support/tagged_logging.rb:68:in `block in tagged'
  activesupport (4.2.5) lib/active_support/tagged_logging.rb:26:in `tagged'
  activesupport (4.2.5) lib/active_support/tagged_logging.rb:68:in `tagged'
  railties (4.2.5) lib/rails/rack/logger.rb:20:in `call'
  actionpack (4.2.5) lib/action_dispatch/middleware/request_id.rb:21:in `call'
  rack (1.6.5) lib/rack/methodoverride.rb:22:in `call'
  rack (1.6.5) lib/rack/runtime.rb:18:in `call'
  activesupport (4.2.5) lib/active_support/cache/strategy/local_cache_middleware.rb:28:in `call'
  rack (1.6.5) lib/rack/lock.rb:17:in `call'
  actionpack (4.2.5) lib/action_dispatch/middleware/static.rb:116:in `call'
  rack (1.6.5) lib/rack/sendfile.rb:113:in `call'
  railties (4.2.5) lib/rails/engine.rb:518:in `call'
  railties (4.2.5) lib/rails/application.rb:165:in `call'
  rack (1.6.5) lib/rack/lock.rb:17:in `call'
  rack (1.6.5) lib/rack/content_length.rb:15:in `call'
  rack (1.6.5) lib/rack/handler/webrick.rb:88:in `service'
  /Users/rolando/.rvm/rubies/ruby-2.2.2/lib/ruby/2.2.0/webrick/httpserver.rb:138:in `service'
  /Users/rolando/.rvm/rubies/ruby-2.2.2/lib/ruby/2.2.0/webrick/httpserver.rb:94:in `run'
  /Users/rolando/.rvm/rubies/ruby-2.2.2/lib/ruby/2.2.0/webrick/server.rb:294:in `block in start_thread'


  Rendered /Users/rolando/.rvm/gems/ruby-2.2.2/gems/actionpack-4.2.5/lib/action_dispatch/middleware/templates/rescues/_source.erb (2.9ms)
  Rendered /Users/rolando/.rvm/gems/ruby-2.2.2/gems/actionpack-4.2.5/lib/action_dispatch/middleware/templates/rescues/_trace.html.erb (1.6ms)
  Rendered /Users/rolando/.rvm/gems/ruby-2.2.2/gems/actionpack-4.2.5/lib/action_dispatch/middleware/templates/rescues/_request_and_response.html.erb (0.8ms)
  Rendered /Users/rolando/.rvm/gems/ruby-2.2.2/gems/actionpack-4.2.5/lib/action_dispatch/middleware/templates/rescues/diagnostics.html.erb within rescues/layout (42.3ms)


Started GET "/" for ::1 at 2017-01-03 13:05:32 -0600

RuntimeError (Cannot load `Rails.application.database_configuration`:
Could not load database configuration. No such file - ["config/database.yml"]):
  railties (4.2.5) lib/rails/application/configuration.rb:110:in `database_configuration'
  activerecord (4.2.5) lib/active_record/railtie.rb:117:in `block (2 levels) in <class:Railtie>'
  activesupport (4.2.5) lib/active_support/lazy_load_hooks.rb:38:in `instance_eval'
  activesupport (4.2.5) lib/active_support/lazy_load_hooks.rb:38:in `execute_hook'
  activesupport (4.2.5) lib/active_support/lazy_load_hooks.rb:45:in `block in run_load_hooks'
  activesupport (4.2.5) lib/active_support/lazy_load_hooks.rb:44:in `each'
  activesupport (4.2.5) lib/active_support/lazy_load_hooks.rb:44:in `run_load_hooks'
  activerecord (4.2.5) lib/active_record/base.rb:315:in `<module:ActiveRecord>'
  activerecord (4.2.5) lib/active_record/base.rb:26:in `<top (required)>'
  activerecord (4.2.5) lib/active_record/connection_adapters/abstract/connection_pool.rb:660:in `rescue in call'
  activerecord (4.2.5) lib/active_record/connection_adapters/abstract/connection_pool.rb:651:in `call'
  actionpack (4.2.5) lib/action_dispatch/middleware/callbacks.rb:29:in `block in call'
  activesupport (4.2.5) lib/active_support/callbacks.rb:88:in `__run_callbacks__'
  activesupport (4.2.5) lib/active_support/callbacks.rb:778:in `_run_call_callbacks'
  activesupport (4.2.5) lib/active_support/callbacks.rb:81:in `run_callbacks'
  actionpack (4.2.5) lib/action_dispatch/middleware/callbacks.rb:27:in `call'
  actionpack (4.2.5) lib/action_dispatch/middleware/reloader.rb:73:in `call'
  actionpack (4.2.5) lib/action_dispatch/middleware/remote_ip.rb:78:in `call'
  actionpack (4.2.5) lib/action_dispatch/middleware/debug_exceptions.rb:17:in `call'
  actionpack (4.2.5) lib/action_dispatch/middleware/show_exceptions.rb:30:in `call'
  railties (4.2.5) lib/rails/rack/logger.rb:38:in `call_app'
  railties (4.2.5) lib/rails/rack/logger.rb:20:in `block in call'
  activesupport (4.2.5) lib/active_support/tagged_logging.rb:68:in `block in tagged'
  activesupport (4.2.5) lib/active_support/tagged_logging.rb:26:in `tagged'
  activesupport (4.2.5) lib/active_support/tagged_logging.rb:68:in `tagged'
  railties (4.2.5) lib/rails/rack/logger.rb:20:in `call'
  actionpack (4.2.5) lib/action_dispatch/middleware/request_id.rb:21:in `call'
  rack (1.6.5) lib/rack/methodoverride.rb:22:in `call'
  rack (1.6.5) lib/rack/runtime.rb:18:in `call'
  activesupport (4.2.5) lib/active_support/cache/strategy/local_cache_middleware.rb:28:in `call'
  rack (1.6.5) lib/rack/lock.rb:17:in `call'
  actionpack (4.2.5) lib/action_dispatch/middleware/static.rb:116:in `call'
  rack (1.6.5) lib/rack/sendfile.rb:113:in `call'
  railties (4.2.5) lib/rails/engine.rb:518:in `call'
  railties (4.2.5) lib/rails/application.rb:165:in `call'
  rack (1.6.5) lib/rack/lock.rb:17:in `call'
  rack (1.6.5) lib/rack/content_length.rb:15:in `call'
  rack (1.6.5) lib/rack/handler/webrick.rb:88:in `service'
  /Users/rolando/.rvm/rubies/ruby-2.2.2/lib/ruby/2.2.0/webrick/httpserver.rb:138:in `service'
  /Users/rolando/.rvm/rubies/ruby-2.2.2/lib/ruby/2.2.0/webrick/httpserver.rb:94:in `run'
  /Users/rolando/.rvm/rubies/ruby-2.2.2/lib/ruby/2.2.0/webrick/server.rb:294:in `block in start_thread'


  Rendered /Users/rolando/.rvm/gems/ruby-2.2.2/gems/actionpack-4.2.5/lib/action_dispatch/middleware/templates/rescues/_source.erb (3.3ms)
  Rendered /Users/rolando/.rvm/gems/ruby-2.2.2/gems/actionpack-4.2.5/lib/action_dispatch/middleware/templates/rescues/_trace.html.erb (1.8ms)
  Rendered /Users/rolando/.rvm/gems/ruby-2.2.2/gems/actionpack-4.2.5/lib/action_dispatch/middleware/templates/rescues/_request_and_response.html.erb (0.9ms)
  Rendered /Users/rolando/.rvm/gems/ruby-2.2.2/gems/actionpack-4.2.5/lib/action_dispatch/middleware/templates/rescues/diagnostics.html.erb within rescues/layout (42.0ms)


Started GET "/" for ::1 at 2017-01-03 13:05:34 -0600

RuntimeError (Cannot load `Rails.application.database_configuration`:
Could not load database configuration. No such file - ["config/database.yml"]):
  railties (4.2.5) lib/rails/application/configuration.rb:110:in `database_configuration'
  activerecord (4.2.5) lib/active_record/railtie.rb:117:in `block (2 levels) in <class:Railtie>'
  activesupport (4.2.5) lib/active_support/lazy_load_hooks.rb:38:in `instance_eval'
  activesupport (4.2.5) lib/active_support/lazy_load_hooks.rb:38:in `execute_hook'
  activesupport (4.2.5) lib/active_support/lazy_load_hooks.rb:45:in `block in run_load_hooks'
  activesupport (4.2.5) lib/active_support/lazy_load_hooks.rb:44:in `each'
  activesupport (4.2.5) lib/active_support/lazy_load_hooks.rb:44:in `run_load_hooks'
  activerecord (4.2.5) lib/active_record/base.rb:315:in `<module:ActiveRecord>'
  activerecord (4.2.5) lib/active_record/base.rb:26:in `<top (required)>'
  activerecord (4.2.5) lib/active_record/connection_adapters/abstract/connection_pool.rb:660:in `rescue in call'
  activerecord (4.2.5) lib/active_record/connection_adapters/abstract/connection_pool.rb:651:in `call'
  actionpack (4.2.5) lib/action_dispatch/middleware/callbacks.rb:29:in `block in call'
  activesupport (4.2.5) lib/active_support/callbacks.rb:88:in `__run_callbacks__'
  activesupport (4.2.5) lib/active_support/callbacks.rb:778:in `_run_call_callbacks'
  activesupport (4.2.5) lib/active_support/callbacks.rb:81:in `run_callbacks'
  actionpack (4.2.5) lib/action_dispatch/middleware/callbacks.rb:27:in `call'
  actionpack (4.2.5) lib/action_dispatch/middleware/reloader.rb:73:in `call'
  actionpack (4.2.5) lib/action_dispatch/middleware/remote_ip.rb:78:in `call'
  actionpack (4.2.5) lib/action_dispatch/middleware/debug_exceptions.rb:17:in `call'
  actionpack (4.2.5) lib/action_dispatch/middleware/show_exceptions.rb:30:in `call'
  railties (4.2.5) lib/rails/rack/logger.rb:38:in `call_app'
  railties (4.2.5) lib/rails/rack/logger.rb:20:in `block in call'
  activesupport (4.2.5) lib/active_support/tagged_logging.rb:68:in `block in tagged'
  activesupport (4.2.5) lib/active_support/tagged_logging.rb:26:in `tagged'
  activesupport (4.2.5) lib/active_support/tagged_logging.rb:68:in `tagged'
  railties (4.2.5) lib/rails/rack/logger.rb:20:in `call'
  actionpack (4.2.5) lib/action_dispatch/middleware/request_id.rb:21:in `call'
  rack (1.6.5) lib/rack/methodoverride.rb:22:in `call'
  rack (1.6.5) lib/rack/runtime.rb:18:in `call'
  activesupport (4.2.5) lib/active_support/cache/strategy/local_cache_middleware.rb:28:in `call'
  rack (1.6.5) lib/rack/lock.rb:17:in `call'
  actionpack (4.2.5) lib/action_dispatch/middleware/static.rb:116:in `call'
  rack (1.6.5) lib/rack/sendfile.rb:113:in `call'
  railties (4.2.5) lib/rails/engine.rb:518:in `call'
  railties (4.2.5) lib/rails/application.rb:165:in `call'
  rack (1.6.5) lib/rack/lock.rb:17:in `call'
  rack (1.6.5) lib/rack/content_length.rb:15:in `call'
  rack (1.6.5) lib/rack/handler/webrick.rb:88:in `service'
  /Users/rolando/.rvm/rubies/ruby-2.2.2/lib/ruby/2.2.0/webrick/httpserver.rb:138:in `service'
  /Users/rolando/.rvm/rubies/ruby-2.2.2/lib/ruby/2.2.0/webrick/httpserver.rb:94:in `run'
  /Users/rolando/.rvm/rubies/ruby-2.2.2/lib/ruby/2.2.0/webrick/server.rb:294:in `block in start_thread'


  Rendered /Users/rolando/.rvm/gems/ruby-2.2.2/gems/actionpack-4.2.5/lib/action_dispatch/middleware/templates/rescues/_source.erb (3.5ms)
  Rendered /Users/rolando/.rvm/gems/ruby-2.2.2/gems/actionpack-4.2.5/lib/action_dispatch/middleware/templates/rescues/_trace.html.erb (2.0ms)
  Rendered /Users/rolando/.rvm/gems/ruby-2.2.2/gems/actionpack-4.2.5/lib/action_dispatch/middleware/templates/rescues/_request_and_response.html.erb (0.8ms)
  Rendered /Users/rolando/.rvm/gems/ruby-2.2.2/gems/actionpack-4.2.5/lib/action_dispatch/middleware/templates/rescues/diagnostics.html.erb within rescues/layout (43.7ms)
DEPRECATION WARNING: You didn't set `secret_key_base`. Read the upgrade documentation to learn more about this new config option. (called from service at /Users/rolando/.rvm/rubies/ruby-2.2.2/lib/ruby/2.2.0/webrick/httpserver.rb:138)


Started GET "/" for ::1 at 2017-01-03 13:05:49 -0600

LoadError (cannot load such file -- gdata):
  app/controllers/pages_controller.rb:1:in `<top (required)>'


  Rendered /Users/rolando/.rvm/gems/ruby-2.2.2/gems/actionpack-4.2.5/lib/action_dispatch/middleware/templates/rescues/_source.erb (4.4ms)
  Rendered /Users/rolando/.rvm/gems/ruby-2.2.2/gems/actionpack-4.2.5/lib/action_dispatch/middleware/templates/rescues/_trace.html.erb (1.9ms)
  Rendered /Users/rolando/.rvm/gems/ruby-2.2.2/gems/actionpack-4.2.5/lib/action_dispatch/middleware/templates/rescues/_request_and_response.html.erb (11.3ms)
  Rendered /Users/rolando/.rvm/gems/ruby-2.2.2/gems/actionpack-4.2.5/lib/action_dispatch/middleware/templates/rescues/diagnostics.html.erb within rescues/layout (58.7ms)


Started GET "/" for ::1 at 2017-01-03 13:06:55 -0600
Processing by PagesController#homepage as HTML
  Rendered pages/homepage.html.erb within layouts/application (0.3ms)
Completed 500 Internal Server Error in 483ms

ActionView::Template::Error (Asset was not declared to be precompiled in production.
Add `Rails.application.config.assets.precompile += %w( lemon_bonsai.css )` to `config/initializers/assets.rb` and restart your server):
    3: <head>
    4: 	<meta charset="UTF-8"/>
    5: 	<title>Rent A House Display Pad</title>
    6: 	<%= stylesheet_link_tag "lemon_bonsai"%>
    7: <%= javascript_include_tag "html5.js","jquery-1.6.1.min.js","jquery.masonry.min.js","lemon_bonsai_js/producer.js"%>
    8: 
    9: </head>
  app/views/layouts/application.html.erb:6:in `_app_views_layouts_application_html_erb__3798517574699221738_70307754882740'


  Rendered /Users/rolando/.rvm/gems/ruby-2.2.2/gems/actionpack-4.2.5/lib/action_dispatch/middleware/templates/rescues/_source.erb (7.5ms)
  Rendered /Users/rolando/.rvm/gems/ruby-2.2.2/gems/actionpack-4.2.5/lib/action_dispatch/middleware/templates/rescues/_trace.html.erb (3.0ms)
  Rendered /Users/rolando/.rvm/gems/ruby-2.2.2/gems/actionpack-4.2.5/lib/action_dispatch/middleware/templates/rescues/_request_and_response.html.erb (1.0ms)
  Rendered /Users/rolando/.rvm/gems/ruby-2.2.2/gems/actionpack-4.2.5/lib/action_dispatch/middleware/templates/rescues/template_error.html.erb within rescues/layout (46.6ms)
DEPRECATION WARNING: You didn't set `secret_key_base`. Read the upgrade documentation to learn more about this new config option. (called from service at /Users/rolando/.rvm/rubies/ruby-2.2.2/lib/ruby/2.2.0/webrick/httpserver.rb:138)


Started GET "/" for ::1 at 2017-01-03 13:08:53 -0600
Processing by PagesController#homepage as HTML
  Rendered pages/homepage.html.erb within layouts/application (1.7ms)
Completed 500 Internal Server Error in 568ms

ActionView::Template::Error (Asset was not declared to be precompiled in production.
Add `Rails.application.config.assets.precompile += %w( html5.js )` to `config/initializers/assets.rb` and restart your server):
    4: 	<meta charset="UTF-8"/>
    5: 	<title>Rent A House Display Pad</title>
    6: 	<%= stylesheet_link_tag "lemon_bonsai"%>
    7: <%= javascript_include_tag "html5.js","jquery-1.6.1.min.js","jquery.masonry.min.js","lemon_bonsai_js/producer.js"%>
    8: 
    9: </head>
   10: <body>
  app/views/layouts/application.html.erb:7:in `_app_views_layouts_application_html_erb___446012069457377056_70121487140700'


  Rendered /Users/rolando/.rvm/gems/ruby-2.2.2/gems/actionpack-4.2.5/lib/action_dispatch/middleware/templates/rescues/_source.erb (6.2ms)
  Rendered /Users/rolando/.rvm/gems/ruby-2.2.2/gems/actionpack-4.2.5/lib/action_dispatch/middleware/templates/rescues/_trace.html.erb (3.0ms)
  Rendered /Users/rolando/.rvm/gems/ruby-2.2.2/gems/actionpack-4.2.5/lib/action_dispatch/middleware/templates/rescues/_request_and_response.html.erb (17.8ms)
  Rendered /Users/rolando/.rvm/gems/ruby-2.2.2/gems/actionpack-4.2.5/lib/action_dispatch/middleware/templates/rescues/template_error.html.erb within rescues/layout (72.5ms)
DEPRECATION WARNING: You didn't set `secret_key_base`. Read the upgrade documentation to learn more about this new config option. (called from service at /Users/rolando/.rvm/rubies/ruby-2.2.2/lib/ruby/2.2.0/webrick/httpserver.rb:138)


Started GET "/" for ::1 at 2017-01-03 13:09:31 -0600
Processing by PagesController#homepage as HTML
  Rendered pages/homepage.html.erb within layouts/application (0.9ms)
Completed 500 Internal Server Error in 318ms

ActionView::Template::Error (Asset was not declared to be precompiled in production.
Add `Rails.application.config.assets.precompile += %w( jquery-1.6.1.min.js )` to `config/initializers/assets.rb` and restart your server):
    4: 	<meta charset="UTF-8"/>
    5: 	<title>Rent A House Display Pad</title>
    6: 	<%= stylesheet_link_tag "lemon_bonsai"%>
    7: <%= javascript_include_tag "html5.js","jquery-1.6.1.min.js","jquery.masonry.min.js","lemon_bonsai_js/producer.js"%>
    8: 
    9: </head>
   10: <body>
  app/views/layouts/application.html.erb:7:in `_app_views_layouts_application_html_erb__4609972078381911739_70292823640780'


  Rendered /Users/rolando/.rvm/gems/ruby-2.2.2/gems/actionpack-4.2.5/lib/action_dispatch/middleware/templates/rescues/_source.erb (7.7ms)
  Rendered /Users/rolando/.rvm/gems/ruby-2.2.2/gems/actionpack-4.2.5/lib/action_dispatch/middleware/templates/rescues/_trace.html.erb (2.6ms)
  Rendered /Users/rolando/.rvm/gems/ruby-2.2.2/gems/actionpack-4.2.5/lib/action_dispatch/middleware/templates/rescues/_request_and_response.html.erb (2.3ms)
  Rendered /Users/rolando/.rvm/gems/ruby-2.2.2/gems/actionpack-4.2.5/lib/action_dispatch/middleware/templates/rescues/template_error.html.erb within rescues/layout (50.6ms)


Started GET "/" for ::1 at 2017-01-03 13:09:50 -0600
Processing by PagesController#homepage as HTML
  Rendered pages/homepage.html.erb within layouts/application (0.0ms)
Completed 500 Internal Server Error in 117ms

ActionView::Template::Error (Asset was not declared to be precompiled in production.
Add `Rails.application.config.assets.precompile += %w( jquery-1.6.1.min.js )` to `config/initializers/assets.rb` and restart your server):
    4: 	<meta charset="UTF-8"/>
    5: 	<title>Rent A House Display Pad</title>
    6: 	<%= stylesheet_link_tag "lemon_bonsai"%>
    7: <%= javascript_include_tag "html5.js","jquery-1.6.1.min.js","jquery.masonry.min.js","lemon_bonsai_js/producer.js"%>
    8: 
    9: </head>
   10: <body>
  app/views/layouts/application.html.erb:7:in `_app_views_layouts_application_html_erb__4609972078381911739_70292823640780'


  Rendered /Users/rolando/.rvm/gems/ruby-2.2.2/gems/actionpack-4.2.5/lib/action_dispatch/middleware/templates/rescues/_source.erb (8.0ms)
  Rendered /Users/rolando/.rvm/gems/ruby-2.2.2/gems/actionpack-4.2.5/lib/action_dispatch/middleware/templates/rescues/_trace.html.erb (3.2ms)
  Rendered /Users/rolando/.rvm/gems/ruby-2.2.2/gems/actionpack-4.2.5/lib/action_dispatch/middleware/templates/rescues/_request_and_response.html.erb (1.0ms)
  Rendered /Users/rolando/.rvm/gems/ruby-2.2.2/gems/actionpack-4.2.5/lib/action_dispatch/middleware/templates/rescues/template_error.html.erb within rescues/layout (50.6ms)
DEPRECATION WARNING: You didn't set `secret_key_base`. Read the upgrade documentation to learn more about this new config option. (called from service at /Users/rolando/.rvm/rubies/ruby-2.2.2/lib/ruby/2.2.0/webrick/httpserver.rb:138)


Started GET "/" for ::1 at 2017-01-03 13:10:09 -0600
Processing by PagesController#homepage as HTML
  Rendered pages/homepage.html.erb within layouts/application (1.7ms)
Completed 500 Internal Server Error in 544ms

ActionView::Template::Error (Asset was not declared to be precompiled in production.
Add `Rails.application.config.assets.precompile += %w( jquery.masonry.min.js )` to `config/initializers/assets.rb` and restart your server):
    4: 	<meta charset="UTF-8"/>
    5: 	<title>Rent A House Display Pad</title>
    6: 	<%= stylesheet_link_tag "lemon_bonsai"%>
    7: <%= javascript_include_tag "html5.js","jquery-1.6.1.min.js","jquery.masonry.min.js","lemon_bonsai_js/producer.js"%>
    8: 
    9: </head>
   10: <body>
  app/views/layouts/application.html.erb:7:in `_app_views_layouts_application_html_erb___3872432492064684671_70203154978640'


  Rendered /Users/rolando/.rvm/gems/ruby-2.2.2/gems/actionpack-4.2.5/lib/action_dispatch/middleware/templates/rescues/_source.erb (7.1ms)
  Rendered /Users/rolando/.rvm/gems/ruby-2.2.2/gems/actionpack-4.2.5/lib/action_dispatch/middleware/templates/rescues/_trace.html.erb (2.6ms)
  Rendered /Users/rolando/.rvm/gems/ruby-2.2.2/gems/actionpack-4.2.5/lib/action_dispatch/middleware/templates/rescues/_request_and_response.html.erb (16.1ms)
  Rendered /Users/rolando/.rvm/gems/ruby-2.2.2/gems/actionpack-4.2.5/lib/action_dispatch/middleware/templates/rescues/template_error.html.erb within rescues/layout (64.6ms)
DEPRECATION WARNING: You didn't set `secret_key_base`. Read the upgrade documentation to learn more about this new config option. (called from service at /Users/rolando/.rvm/rubies/ruby-2.2.2/lib/ruby/2.2.0/webrick/httpserver.rb:138)


Started GET "/" for ::1 at 2017-01-03 13:11:27 -0600
Processing by PagesController#homepage as HTML
  Rendered pages/homepage.html.erb within layouts/application (1.1ms)
Completed 500 Internal Server Error in 336ms

ActionView::Template::Error (Asset was not declared to be precompiled in production.
Add `Rails.application.config.assets.precompile += %w( lemon_bonsai_js/producer.js )` to `config/initializers/assets.rb` and restart your server):
    4: 	<meta charset="UTF-8"/>
    5: 	<title>Rent A House Display Pad</title>
    6: 	<%= stylesheet_link_tag "lemon_bonsai"%>
    7: <%= javascript_include_tag "html5.js","jquery-1.6.1.min.js","jquery.masonry.min.js","lemon_bonsai_js/producer.js"%>
    8: 
    9: </head>
   10: <body>
  app/views/layouts/application.html.erb:7:in `_app_views_layouts_application_html_erb__1225867235002381026_70211496518380'


  Rendered /Users/rolando/.rvm/gems/ruby-2.2.2/gems/actionpack-4.2.5/lib/action_dispatch/middleware/templates/rescues/_source.erb (6.6ms)
  Rendered /Users/rolando/.rvm/gems/ruby-2.2.2/gems/actionpack-4.2.5/lib/action_dispatch/middleware/templates/rescues/_trace.html.erb (2.8ms)
  Rendered /Users/rolando/.rvm/gems/ruby-2.2.2/gems/actionpack-4.2.5/lib/action_dispatch/middleware/templates/rescues/_request_and_response.html.erb (2.2ms)
  Rendered /Users/rolando/.rvm/gems/ruby-2.2.2/gems/actionpack-4.2.5/lib/action_dispatch/middleware/templates/rescues/template_error.html.erb within rescues/layout (50.1ms)
DEPRECATION WARNING: You didn't set `secret_key_base`. Read the upgrade documentation to learn more about this new config option. (called from service at /Users/rolando/.rvm/rubies/ruby-2.2.2/lib/ruby/2.2.0/webrick/httpserver.rb:138)


Started GET "/" for ::1 at 2017-01-03 13:12:17 -0600
Processing by PagesController#homepage as HTML
  Rendered pages/homepage.html.erb within layouts/application (1.4ms)
Completed 200 OK in 940ms (Views: 939.8ms)


Started GET "/assets/html5.self-b760d25da7979ac721cfd42309eff7fd01e79784e592e5191fd1303f6779857a.js?body=1" for ::1 at 2017-01-03 13:12:18 -0600


Started GET "/assets/jquery.masonry.min.self-4db400d4b2a03e4a4fab71b654bcb4e2ccf174cb9883e0f27412b6ecbf7f5a02.js?body=1" for ::1 at 2017-01-03 13:12:18 -0600


Started GET "/assets/lemon_bonsai.self-613d015b60bb7994da8e34cd08744abe9c9e7381885b6601dd5430fb35bd18e1.css?body=1" for ::1 at 2017-01-03 13:12:18 -0600


Started GET "/assets/jquery-1.6.1.min.self-733872a54f580b0391b83703cb8833e385cba69633f3be43ee7b38474a5bf07e.js?body=1" for ::1 at 2017-01-03 13:12:18 -0600


Started GET "/assets/lemon_bonsai_js/producer.self-421383e2f6a31fd988268f874e46a098acf859c4a820ef11a8d96ea4d066b923.js?body=1" for ::1 at 2017-01-03 13:12:18 -0600


Started GET "/assets/lemon_bonsai_img/bodyBack.gif" for ::1 at 2017-01-03 13:12:18 -0600


Started GET "/assets/lemon_bonsai_img/brandBg.gif" for ::1 at 2017-01-03 13:12:18 -0600
DEPRECATION WARNING: You didn't set `secret_key_base`. Read the upgrade documentation to learn more about this new config option. (called from service at /Users/rolando/.rvm/rubies/ruby-2.2.2/lib/ruby/2.2.0/webrick/httpserver.rb:138)


Started GET "/" for ::1 at 2017-01-03 16:58:31 -0600
Processing by PagesController#homepage as HTML
  Rendered pages/homepage.html.erb within layouts/application (1.8ms)
Completed 200 OK in 599ms (Views: 599.1ms)


Started GET "/assets/lemon_bonsai.self-613d015b60bb7994da8e34cd08744abe9c9e7381885b6601dd5430fb35bd18e1.css?body=1" for ::1 at 2017-01-03 16:58:32 -0600


Started GET "/assets/lemon_bonsai_js/producer.self-421383e2f6a31fd988268f874e46a098acf859c4a820ef11a8d96ea4d066b923.js?body=1" for ::1 at 2017-01-03 16:58:32 -0600


Started GET "/assets/lemon_bonsai_img/bodyBack.gif" for ::1 at 2017-01-03 16:58:32 -0600


Started GET "/assets/lemon_bonsai_img/brandBg.gif" for ::1 at 2017-01-03 16:58:32 -0600
